2023-03-20 18:40:12,799 :: likeinlife(393617863) -> call
2023-03-20 18:41:25,984 :: likeinlife(393617863) -> call
2023-03-20 18:42:17,617 :: likeinlife(393617863) -> call
2023-03-20 18:43:09,241 :: likeinlife(393617863) -> call
2023-03-20 18:43:25,060 :: likeinlife(393617863) -> call
2023-03-20 18:43:38,294 :: likeinlife(393617863) -> call
2023-03-20 18:46:07,564 :: likeinlife(393617863) -> call
2023-03-20 18:47:35,563 :: likeinlife(393617863) -> call
2023-03-20 18:48:37,830 :: likeinlife(393617863) -> call
2023-03-20 18:51:37,014 :: likeinlife(393617863) -> call
2023-03-20 18:52:52,273 :: likeinlife(393617863) -> call
2023-03-20 18:54:05,395 :: likeinlife(393617863) -> call
2023-03-20 18:54:51,051 :: likeinlife(393617863) -> call
2023-03-20 18:54:57,966 :: likeinlife(393617863) -> call
2023-03-20 18:55:06,114 :: likeinlife(393617863) -> call
2023-03-20 18:56:17,395 :: likeinlife(393617863) -> call
2023-03-20 18:56:28,161 :: likeinlife(393617863) -> call
2023-03-20 18:56:58,159 :: likeinlife(393617863) -> call
2023-03-20 18:58:26,417 :: likeinlife(393617863) -> cordinates_by
2023-03-20 18:58:45,394 :: likeinlife(393617863) -> wrapper
2023-03-20 18:58:48,104 :: likeinlife(393617863) -> numenclature_by
2023-03-20 18:58:49,832 :: likeinlife(393617863) -> function_name
2023-03-20 18:58:55,157 :: likeinlife(393617863) -> cordinates_by
2023-03-20 18:59:00,114 :: likeinlife(393617863) -> function_name
2023-03-20 18:59:04,124 :: likeinlife(393617863) -> get_student_table
2023-03-20 19:00:19,948 :: likeinlife(393617863) -> get_student_table
2023-03-20 19:01:06,392 :: likeinlife(393617863) -> get_student_table
2023-03-20 19:01:38,488 :: likeinlife(393617863) -> get_student_table
2023-03-20 19:02:48,311 :: likeinlife(393617863) -> get_student_table <- /student
2023-03-20 19:03:12,500 :: likeinlife(393617863) -> get_laplas_table <- /laplas
2023-03-20 19:03:15,789 :: likeinlife(393617863) -> numenclature_by <- /by_numenclature
2023-03-20 19:03:17,262 :: likeinlife(393617863) -> numenclature_results <- opachki
2023-03-20 19:15:13,395 :: likeinlife(393617863) -> numenclature_by <- "/by_numenclature"
